2024-04-04 21:39:00,301 - Error processing https://www.vitacost.com/natures-way-dim-plus-estrogen-metabolism-60-vegetarian-capsules: 'NoneType' object has no attribute 'get_text'
2024-04-04 21:39:05,952 - Error processing https://www.vitacost.com/natures-way-dim-plus-estrogen-metabolism: 'NoneType' object has no attribute 'get_text'
2024-04-04 21:39:10,223 - Error processing https://www.vitacost.com/nature-made-postnatal-multi-dha-200-mg-60-softgels: 'NoneType' object has no attribute 'get_text'
2024-04-04 21:39:11,011 - Error processing https://www.vitacost.com/natures-way-completia-multivitamin-for-people-with-diabetes-no-iron-added-60-tablets: 'NoneType' object has no attribute 'get_text'
2024-04-04 21:39:14,309 - Error processing https://www.vitacost.com/nature-made-prenatal-dha: 'NoneType' object has no attribute 'get_text'
2024-04-04 21:39:28,832 - Error processing https://www.vitacost.com/source-naturals-wellness-herbal-throat-spray-1-fl-oz: 'NoneType' object has no attribute 'get_text'
2024-04-04 21:39:33,014 - Error processing https://www.vitacost.com/animal-100-whey-protein: 'NoneType' object has no attribute 'get_text'
2024-04-04 21:39:49,184 - Error processing https://www.vitacost.com/natures-way-umcka-cold-flu-elderberry-syrup-shortens-colds-reduces-severity: 'NoneType' object has no attribute 'get_text'
2024-04-04 21:39:57,958 - Error processing https://www.vitacost.com/natures-way-slippery-elm-bark-1600-mg-per-serving: 'NoneType' object has no attribute 'get_text'
2024-04-04 21:39:58,333 - Error processing https://www.vitacost.com/sir-kensingtons-avocado-oil-mayonnaise-12-fl-oz: HTTPSConnectionPool(host='api.zenrows.com', port=443): Max retries exceeded with url: /v1/?apikey=61bd6f207a756348cae6ff7be792c658dff1d6f5&url=https%3A%2F%2Fwww.vitacost.com%2Fsir-kensingtons-avocado-oil-mayonnaise-12-fl-oz (Caused by ResponseError('too many 422 error responses'))
2024-04-04 21:40:14,635 - Error processing https://www.vitacost.com/source-naturals-wellguard: 'NoneType' object has no attribute 'get_text'
2024-04-04 21:40:21,587 - Error processing https://www.vitacost.com/vitafusion-prenatal-gummy-vitamins: 'NoneType' object has no attribute 'get_text'
2024-04-04 21:40:27,169 - Error processing https://www.vitacost.com/aura-cacia-aromatherapy-mist-patchouli-sweet-orange: HTTPSConnectionPool(host='api.zenrows.com', port=443): Max retries exceeded with url: /v1/?apikey=61bd6f207a756348cae6ff7be792c658dff1d6f5&url=https%3A%2F%2Fwww.vitacost.com%2Faura-cacia-aromatherapy-mist-patchouli-sweet-orange (Caused by ResponseError('too many 422 error responses'))
2024-04-04 21:40:36,143 - Error processing https://www.vitacost.com/bobs-red-mill-high-fiber-oat-bran-hot-cereal-18-oz-1: HTTPSConnectionPool(host='api.zenrows.com', port=443): Max retries exceeded with url: /v1/?apikey=61bd6f207a756348cae6ff7be792c658dff1d6f5&url=https%3A%2F%2Fwww.vitacost.com%2Fbobs-red-mill-high-fiber-oat-bran-hot-cereal-18-oz-1 (Caused by ResponseError('too many 422 error responses'))
2024-04-04 21:40:46,096 - Error processing https://www.vitacost.com/country-life-menopause-rescue: 'NoneType' object has no attribute 'get_text'
2024-04-04 21:40:51,938 - Error processing https://www.vitacost.com/vitafusion-multi-plus-immune-gummies: HTTPSConnectionPool(host='api.zenrows.com', port=443): Max retries exceeded with url: /v1/?apikey=61bd6f207a756348cae6ff7be792c658dff1d6f5&url=https%3A%2F%2Fwww.vitacost.com%2Fvitafusion-multi-plus-immune-gummies (Caused by ResponseError('too many 422 error responses'))
2024-04-04 21:41:34,584 - Error processing https://www.vitacost.com/natures-way-alive-men-s-50-ultra-multivitamin-high-potency-formula: HTTPSConnectionPool(host='api.zenrows.com', port=443): Max retries exceeded with url: /v1/?apikey=61bd6f207a756348cae6ff7be792c658dff1d6f5&url=https%3A%2F%2Fwww.vitacost.com%2Fnatures-way-alive-men-s-50-ultra-multivitamin-high-potency-formula (Caused by ResponseError('too many 422 error responses'))
2024-04-04 21:41:34,909 - Error processing https://www.vitacost.com/nature-made-multi-prenatal-90-tablets: 'NoneType' object has no attribute 'get_text'
2024-04-04 21:41:58,792 - Error processing https://www.vitacost.com/source-naturals-hot-flash-90-tablets: 'NoneType' object has no attribute 'get_text'
2024-04-04 21:42:03,372 - Error processing https://www.vitacost.com/rainbow-light-prenatal-dha-smart-essentials: 'NoneType' object has no attribute 'get_text'
2024-04-04 21:42:12,955 - Error processing https://www.vitacost.com/source-naturals-phyto-estrogen-cream-4-oz-1: 'NoneType' object has no attribute 'get_text'
2024-04-04 21:42:56,338 - Error processing https://www.vitacost.com/solaray-slippery-elm: 'NoneType' object has no attribute 'get_text'
2024-04-04 21:43:03,475 - Error processing https://www.vitacost.com/solaray-phytoestrogen: 'NoneType' object has no attribute 'get_text'
2024-04-04 21:43:03,628 - Error processing https://www.vitacost.com/garden-of-life-mykind-organics-prenatal-once-daily-30-vegan-tablets-2: 'NoneType' object has no attribute 'get_text'
2024-04-04 21:43:14,359 - Error processing https://www.vitacost.com/garden-of-life-mykind-organics-prenatal-multi-whole-food-gummies: 'NoneType' object has no attribute 'get_text'
2024-04-04 21:43:24,843 - Error processing https://www.vitacost.com/solaray-saw-palmetto-berries-160-mg-240-softgels: HTTPSConnectionPool(host='api.zenrows.com', port=443): Max retries exceeded with url: /v1/?apikey=61bd6f207a756348cae6ff7be792c658dff1d6f5&url=https%3A%2F%2Fwww.vitacost.com%2Fsolaray-saw-palmetto-berries-160-mg-240-softgels (Caused by ResponseError('too many 422 error responses'))
2024-04-04 21:43:59,967 - Error processing https://www.vitacost.com/garden-of-life-mykind-organics-cough-mucus-immune-syrup: 'NoneType' object has no attribute 'get_text'
2024-04-04 21:44:01,200 - Error processing https://www.vitacost.com/protocol-for-life-balance-vitamin-d3-high-potency: HTTPSConnectionPool(host='api.zenrows.com', port=443): Max retries exceeded with url: /v1/?apikey=61bd6f207a756348cae6ff7be792c658dff1d6f5&url=https%3A%2F%2Fwww.vitacost.com%2Fprotocol-for-life-balance-vitamin-d3-high-potency (Caused by ResponseError('too many 422 error responses'))
2024-04-04 21:44:27,945 - Error processing https://www.vitacost.com/garden-of-life-minami-supercritical-prenatal-omega-3-fish-oil: 'NoneType' object has no attribute 'get_text'
2024-04-04 21:45:23,623 - Error processing https://www.vitacost.com/life-extension-prenatal-advantage: 'NoneType' object has no attribute 'get_text'
2024-04-04 21:45:27,559 - Error processing https://www.vitacost.com/nordic-naturals-prenatal-dha-strawberry: 'NoneType' object has no attribute 'get_text'
2024-04-04 21:45:43,393 - Error processing https://www.vitacost.com/life-extension-optimized-broccoli-and-cruciferous-blend: 'NoneType' object has no attribute 'get_text'
2024-04-04 21:45:54,297 - Error processing https://www.vitacost.com/life-extension-natural-estrogen-30-vegetarian-tablets: 'NoneType' object has no attribute 'get_text'
2024-04-04 21:46:05,847 - Error processing https://www.vitacost.com/new-chapter-advanced-perfect-prenatal-multivitamin-192-vegetarian-tablets: 'NoneType' object has no attribute 'get_text'
2024-04-04 21:46:37,891 - Error processing https://www.vitacost.com/life-extension-super-alpha-lipoic-acid-with-biotin: HTTPSConnectionPool(host='api.zenrows.com', port=443): Max retries exceeded with url: /v1/?apikey=61bd6f207a756348cae6ff7be792c658dff1d6f5&url=https%3A%2F%2Fwww.vitacost.com%2Flife-extension-super-alpha-lipoic-acid-with-biotin (Caused by ResponseError('too many 422 error responses'))
2024-04-04 21:46:43,961 - Error processing https://www.vitacost.com/new-chapter-perfect-postnatal-multivitamin-96-tablets: 'NoneType' object has no attribute 'get_text'
2024-04-04 21:46:55,875 - Error processing https://www.vitacost.com/new-chapter-perfect-postnatal-multivitamin: 'NoneType' object has no attribute 'get_text'
2024-04-04 21:47:03,393 - Error processing https://www.vitacost.com/doctors-best-5-htp-100-mg-180-veggie-caps: HTTPSConnectionPool(host='api.zenrows.com', port=443): Max retries exceeded with url: /v1/?apikey=61bd6f207a756348cae6ff7be792c658dff1d6f5&url=https%3A%2F%2Fwww.vitacost.com%2Fdoctors-best-5-htp-100-mg-180-veggie-caps (Caused by ResponseError('too many 422 error responses'))
2024-04-04 21:47:06,548 - Error processing https://www.vitacost.com/back-to-nature-classic-round-crackers: HTTPSConnectionPool(host='api.zenrows.com', port=443): Max retries exceeded with url: /v1/?apikey=61bd6f207a756348cae6ff7be792c658dff1d6f5&url=https%3A%2F%2Fwww.vitacost.com%2Fback-to-nature-classic-round-crackers (Caused by ResponseError('too many 422 error responses'))
2024-04-04 21:47:19,151 - Error processing https://www.vitacost.com/new-chapter-prenatal-vegan-omega-3-complex: 'NoneType' object has no attribute 'get_text'
2024-04-04 21:47:48,913 - Error processing https://www.vitacost.com/jarrow-formulas-probiotic-jarro-dophilus-allergen-free-probiotic: HTTPSConnectionPool(host='api.zenrows.com', port=443): Max retries exceeded with url: /v1/?apikey=61bd6f207a756348cae6ff7be792c658dff1d6f5&url=https%3A%2F%2Fwww.vitacost.com%2Fjarrow-formulas-probiotic-jarro-dophilus-allergen-free-probiotic (Caused by ResponseError('too many 422 error responses'))
2024-04-04 21:47:58,278 - Error processing https://www.vitacost.com/nordic-naturals-magnesium-complex: HTTPSConnectionPool(host='api.zenrows.com', port=443): Max retries exceeded with url: /v1/?apikey=61bd6f207a756348cae6ff7be792c658dff1d6f5&url=https%3A%2F%2Fwww.vitacost.com%2Fnordic-naturals-magnesium-complex (Caused by ResponseError('too many 422 error responses'))
2024-04-04 21:48:19,668 - Error processing https://www.vitacost.com/earth-mama-organic-ginger-nausea-tea: 'NoneType' object has no attribute 'get_text'
2024-04-04 21:48:27,114 - Error processing https://www.vitacost.com/hylands-menopause-multi-youthful-skin: 'NoneType' object has no attribute 'get_text'
2024-04-04 21:48:40,782 - Error processing https://www.vitacost.com/earth-mama-organic-milkmaid-tea: HTTPSConnectionPool(host='api.zenrows.com', port=443): Max retries exceeded with url: /v1/?apikey=61bd6f207a756348cae6ff7be792c658dff1d6f5&url=https%3A%2F%2Fwww.vitacost.com%2Fearth-mama-organic-milkmaid-tea (Caused by ResponseError('too many 422 error responses'))
2024-04-04 21:48:52,729 - Error processing https://www.vitacost.com/vitacost-slippery-elm-bark: 'NoneType' object has no attribute 'get_text'
2024-04-04 21:49:06,695 - Error processing https://www.vitacost.com/rainbow-light-prenatal-one-multivitamin: 'NoneType' object has no attribute 'get_text'
2024-04-04 21:49:07,396 - Error processing https://www.vitacost.com/zahler-prenatal-dha-300-optimal-formula-180-softgels: 'NoneType' object has no attribute 'get_text'
2024-04-04 21:49:09,185 - Error processing https://www.vitacost.com/rainbow-light-prenatal-one-multivitamin-45-tablets: 'NoneType' object has no attribute 'get_text'
2024-04-04 21:49:13,504 - Error processing https://www.vitacost.com/rainbow-light-prenatal-one-multivitamin-150-tablets: 'NoneType' object has no attribute 'get_text'
2024-04-04 21:49:22,883 - Error processing https://www.vitacost.com/natural-vitality-calm-sleep-supplement-drink: HTTPSConnectionPool(host='api.zenrows.com', port=443): Max retries exceeded with url: /v1/?apikey=61bd6f207a756348cae6ff7be792c658dff1d6f5&url=https%3A%2F%2Fwww.vitacost.com%2Fnatural-vitality-calm-sleep-supplement-drink (Caused by ResponseError('too many 422 error responses'))
2024-04-04 21:49:22,887 - Error processing https://www.vitacost.com/country-life-aller-max-100-vegetarian-capsules-1: 'NoneType' object has no attribute 'get_text'
2024-04-04 21:49:24,151 - Error processing https://www.vitacost.com/nature-made-prenatal-multivitamin-plus-dha: 'NoneType' object has no attribute 'get_text'
2024-04-04 21:49:33,526 - Error processing https://www.vitacost.com/vitacost-horse-chestnut-standardized: HTTPSConnectionPool(host='api.zenrows.com', port=443): Max retries exceeded with url: /v1/?apikey=61bd6f207a756348cae6ff7be792c658dff1d6f5&url=https%3A%2F%2Fwww.vitacost.com%2Fvitacost-horse-chestnut-standardized (Caused by ResponseError('too many 422 error responses'))
2024-04-04 21:49:34,153 - Error processing https://www.vitacost.com/rainbow-light-kids-multivitamin-gummies-brain-eye-health: HTTPSConnectionPool(host='api.zenrows.com', port=443): Max retries exceeded with url: /v1/?apikey=61bd6f207a756348cae6ff7be792c658dff1d6f5&url=https%3A%2F%2Fwww.vitacost.com%2Frainbow-light-kids-multivitamin-gummies-brain-eye-health (Caused by ResponseError('too many 422 error responses'))
2024-04-04 21:49:38,398 - Error processing https://www.vitacost.com/rainbow-light-35-mom-and-baby-pre-postnatal-care: 'NoneType' object has no attribute 'get_text'
2024-04-04 21:49:41,430 - Error processing https://www.vitacost.com/lesserevil-paleo-puffs-fiery-hot: 'NoneType' object has no attribute 'get_text'
2024-04-04 21:49:42,930 - Error processing https://www.vitacost.com/neocell-collagen-c-pomegranate-liquid: 'NoneType' object has no attribute 'get_text'
2024-04-04 21:49:52,921 - Error processing https://www.vitacost.com/rainbow-light-postnatal-multivitamin: 'NoneType' object has no attribute 'get_text'
2024-04-04 21:50:02,107 - Error processing https://www.vitacost.com/olly-lovin-libido: 'NoneType' object has no attribute 'get_text'
2024-04-04 21:50:08,346 - Error processing https://www.vitacost.com/keto-wise-fat-bombs-peanut-caramel-nougat: 'NoneType' object has no attribute 'get_text'
2024-04-04 21:50:11,984 - Error processing https://www.vitacost.com/keto-wise-fat-bomb: 'NoneType' object has no attribute 'get_text'
2024-04-04 21:50:20,028 - Error processing https://www.vitacost.com/the-honey-pot-daily-sensitive-intimate-foaming-wash: 'NoneType' object has no attribute 'get_text'
2024-04-04 21:50:25,318 - Error processing https://www.vitacost.com/natures-way-premium-blend-estrosoy-menopause-relief-blend: 'NoneType' object has no attribute 'get_text'
2024-04-04 21:50:26,020 - Error processing https://www.vitacost.com/nature-made-melatonin-strawberry-10-mg-120-gummies: HTTPSConnectionPool(host='api.zenrows.com', port=443): Max retries exceeded with url: /v1/?apikey=61bd6f207a756348cae6ff7be792c658dff1d6f5&url=https%3A%2F%2Fwww.vitacost.com%2Fnature-made-melatonin-strawberry-10-mg-120-gummies (Caused by ResponseError('too many 422 error responses'))
2024-04-04 21:50:56,624 - Error processing https://www.vitacost.com/source-naturals-progesterone-cream-4-oz-6: 'NoneType' object has no attribute 'get_text'
2024-04-04 21:50:57,037 - Error processing https://www.vitacost.com/natures-way-cold-flu-relief-umcka-orange-flavored: 'NoneType' object has no attribute 'get_text'
2024-04-04 21:50:58,625 - Error processing https://www.vitacost.com/earth-mama-organic-skin-scar-balm: 'NoneType' object has no attribute 'get_text'
2024-04-04 21:51:10,472 - Error processing https://www.vitacost.com/nature-made-prenatal: 'NoneType' object has no attribute 'get_text'
2024-04-04 21:51:39,608 - Error processing https://www.vitacost.com/natures-way-fortify-daily-probiotic-extra-strength-50-billion-live-cultures: HTTPSConnectionPool(host='api.zenrows.com', port=443): Max retries exceeded with url: /v1/?apikey=61bd6f207a756348cae6ff7be792c658dff1d6f5&url=https%3A%2F%2Fwww.vitacost.com%2Fnatures-way-fortify-daily-probiotic-extra-strength-50-billion-live-cultures (Caused by ResponseError('too many 422 error responses'))
2024-04-05 09:41:38,892 - Error processing https://www.vitacost.com/natures-way-dim-plus-estrogen-metabolism-60-vegetarian-capsules: 'NoneType' object has no attribute 'get_text'
2024-04-05 09:41:39,115 - Error processing https://www.vitacost.com/thayers-witch-hazel-aloe-vera-formula-lavender: HTTPSConnectionPool(host='api.zenrows.com', port=443): Max retries exceeded with url: /v1/?apikey=61bd6f207a756348cae6ff7be792c658dff1d6f5&url=https%3A%2F%2Fwww.vitacost.com%2Fthayers-witch-hazel-aloe-vera-formula-lavender (Caused by ResponseError('too many 422 error responses'))
2024-04-05 09:41:41,194 - Error processing https://www.vitacost.com/larabar-gluten-free-fair-trade-fruit-nut-bar: HTTPSConnectionPool(host='api.zenrows.com', port=443): Max retries exceeded with url: /v1/?apikey=61bd6f207a756348cae6ff7be792c658dff1d6f5&url=https%3A%2F%2Fwww.vitacost.com%2Flarabar-gluten-free-fair-trade-fruit-nut-bar (Caused by ResponseError('too many 422 error responses'))
2024-04-05 09:41:41,924 - Error processing https://www.vitacost.com/natures-way-dim-plus-estrogen-metabolism: 'NoneType' object has no attribute 'get_text'
2024-04-05 09:41:44,654 - Error processing https://www.vitacost.com/natures-way-completia-multivitamin-for-people-with-diabetes-no-iron-added-60-tablets: 'NoneType' object has no attribute 'get_text'
2024-04-05 09:41:46,677 - Error processing https://www.vitacost.com/nature-made-postnatal-multi-dha-200-mg-60-softgels: 'NoneType' object has no attribute 'get_text'
2024-04-05 09:41:58,058 - Error processing https://www.vitacost.com/source-naturals-wellness-herbal-throat-spray-1-fl-oz: 'NoneType' object has no attribute 'get_text'
2024-04-05 09:42:01,062 - Error processing https://www.vitacost.com/nature-made-prenatal-dha: 'NoneType' object has no attribute 'get_text'
2024-04-05 09:42:02,403 - Error processing https://www.vitacost.com/solgar-formula-vm-75-180-tablets-1: HTTPSConnectionPool(host='api.zenrows.com', port=443): Max retries exceeded with url: /v1/?apikey=61bd6f207a756348cae6ff7be792c658dff1d6f5&url=https%3A%2F%2Fwww.vitacost.com%2Fsolgar-formula-vm-75-180-tablets-1 (Caused by ResponseError('too many 422 error responses'))
2024-04-05 09:42:08,166 - Error processing https://www.vitacost.com/animal-100-whey-protein: 'NoneType' object has no attribute 'get_text'
2024-04-05 09:42:13,843 - Error processing https://www.vitacost.com/source-naturals-vitamin-k2-d3: HTTPSConnectionPool(host='api.zenrows.com', port=443): Max retries exceeded with url: /v1/?apikey=61bd6f207a756348cae6ff7be792c658dff1d6f5&url=https%3A%2F%2Fwww.vitacost.com%2Fsource-naturals-vitamin-k2-d3 (Caused by ResponseError('too many 422 error responses'))
2024-04-05 09:42:16,120 - Error processing https://www.vitacost.com/natures-way-umcka-cold-flu-elderberry-syrup-shortens-colds-reduces-severity: 'NoneType' object has no attribute 'get_text'
2024-04-05 09:42:21,174 - Error processing https://www.vitacost.com/natures-way-slippery-elm-bark-1600-mg-per-serving: 'NoneType' object has no attribute 'get_text'
2024-04-05 09:42:33,252 - Error processing https://www.vitacost.com/source-naturals-wellguard: 'NoneType' object has no attribute 'get_text'
2024-04-05 09:42:41,964 - Error processing https://www.vitacost.com/vitafusion-prenatal-gummy-vitamins: 'NoneType' object has no attribute 'get_text'
2024-04-05 09:42:51,220 - Error processing https://www.vitacost.com/country-life-menopause-rescue: 'NoneType' object has no attribute 'get_text'
2024-04-05 09:43:49,061 - Error processing https://www.vitacost.com/source-naturals-hot-flash-90-tablets: 'NoneType' object has no attribute 'get_text'
2024-04-05 09:43:59,457 - Error processing https://www.vitacost.com/rainbow-light-prenatal-dha-smart-essentials: 'NoneType' object has no attribute 'get_text'
2024-04-05 09:44:00,197 - Error processing https://www.vitacost.com/source-naturals-phyto-estrogen-cream-4-oz-1: 'NoneType' object has no attribute 'get_text'
2024-04-05 09:44:10,281 - Error processing https://www.vitacost.com/nature-made-multi-prenatal-90-tablets: 'NoneType' object has no attribute 'get_text'
2024-04-05 09:44:16,799 - Error processing https://www.vitacost.com/source-naturals-betaine-hcl: HTTPSConnectionPool(host='api.zenrows.com', port=443): Max retries exceeded with url: /v1/?apikey=61bd6f207a756348cae6ff7be792c658dff1d6f5&url=https%3A%2F%2Fwww.vitacost.com%2Fsource-naturals-betaine-hcl (Caused by ResponseError('too many 422 error responses'))
2024-04-05 09:44:24,036 - Error processing https://www.vitacost.com/garden-of-life-minami-supercritical-prenatal-omega-3-fish-oil: 'NoneType' object has no attribute 'get_text'
2024-04-05 09:45:08,526 - Error processing https://www.vitacost.com/garden-of-life-raw-probiotics-colon-care-50-billion-30-vegetarian-capsules-1: HTTPSConnectionPool(host='api.zenrows.com', port=443): Max retries exceeded with url: /v1/?apikey=61bd6f207a756348cae6ff7be792c658dff1d6f5&url=https%3A%2F%2Fwww.vitacost.com%2Fgarden-of-life-raw-probiotics-colon-care-50-billion-30-vegetarian-capsules-1 (Caused by ResponseError('too many 422 error responses'))
2024-04-05 09:45:11,891 - Error processing https://www.vitacost.com/solaray-phytoestrogen: 'NoneType' object has no attribute 'get_text'
2024-04-05 09:45:16,015 - Error processing https://www.vitacost.com/solaray-slippery-elm: 'NoneType' object has no attribute 'get_text'
2024-04-05 09:45:32,009 - Error processing https://www.vitacost.com/garden-of-life-mykind-organics-prenatal-once-daily-30-vegan-tablets-2: 'NoneType' object has no attribute 'get_text'
2024-04-05 09:45:36,362 - Error processing https://www.vitacost.com/crispy-green-non-gmo-crispy-fruit-4-pack-all-banana: HTTPSConnectionPool(host='api.zenrows.com', port=443): Max retries exceeded with url: /v1/?apikey=61bd6f207a756348cae6ff7be792c658dff1d6f5&url=https%3A%2F%2Fwww.vitacost.com%2Fcrispy-green-non-gmo-crispy-fruit-4-pack-all-banana (Caused by ResponseError('too many 422 error responses'))
2024-04-05 09:45:47,136 - Error processing https://www.vitacost.com/garden-of-life-mykind-organics-prenatal-multi-whole-food-gummies: 'NoneType' object has no attribute 'get_text'
2024-04-05 09:45:57,217 - Error processing https://www.vitacost.com/atkins-rtd-shake: HTTPSConnectionPool(host='api.zenrows.com', port=443): Max retries exceeded with url: /v1/?apikey=61bd6f207a756348cae6ff7be792c658dff1d6f5&url=https%3A%2F%2Fwww.vitacost.com%2Fatkins-rtd-shake (Caused by ResponseError('too many 422 error responses'))
2024-04-05 09:46:10,604 - Error processing https://www.vitacost.com/caltrate-600-d3-bone-strength-chocolate-truffle: HTTPSConnectionPool(host='api.zenrows.com', port=443): Max retries exceeded with url: /v1/?apikey=61bd6f207a756348cae6ff7be792c658dff1d6f5&url=https%3A%2F%2Fwww.vitacost.com%2Fcaltrate-600-d3-bone-strength-chocolate-truffle (Caused by ResponseError('too many 422 error responses'))
2024-04-05 09:46:24,533 - Error processing https://www.vitacost.com/new-chapter-prenatal-vegan-omega-3-complex: 'NoneType' object has no attribute 'get_text'
2024-04-05 09:46:33,207 - Error processing https://www.vitacost.com/garden-of-life-mykind-organics-cough-mucus-immune-syrup: 'NoneType' object has no attribute 'get_text'
2024-04-05 09:47:04,171 - Error processing https://www.vitacost.com/rishi-tea-english-breakfast-organic-black-tea: HTTPSConnectionPool(host='api.zenrows.com', port=443): Max retries exceeded with url: /v1/?apikey=61bd6f207a756348cae6ff7be792c658dff1d6f5&url=https%3A%2F%2Fwww.vitacost.com%2Frishi-tea-english-breakfast-organic-black-tea (Caused by ResponseError('too many 422 error responses'))
2024-04-05 09:47:09,074 - Error processing https://www.vitacost.com/optimum-nutrition-bcaa-1000-versatile-amino-acids-support: HTTPSConnectionPool(host='api.zenrows.com', port=443): Max retries exceeded with url: /v1/?apikey=61bd6f207a756348cae6ff7be792c658dff1d6f5&url=https%3A%2F%2Fwww.vitacost.com%2Foptimum-nutrition-bcaa-1000-versatile-amino-acids-support (Caused by ResponseError('too many 422 error responses'))
2024-04-05 09:47:24,458 - Error processing https://www.vitacost.com/new-chapter-advanced-perfect-prenatal-multivitamin-192-vegetarian-tablets: 'NoneType' object has no attribute 'get_text'
2024-04-05 09:47:38,515 - Error processing https://www.vitacost.com/nordic-naturals-prenatal-dha-strawberry: 'NoneType' object has no attribute 'get_text'
2024-04-05 09:47:41,594 - Error processing https://www.vitacost.com/doctors-best-high-absorption-100-chelated-magnesium: HTTPSConnectionPool(host='api.zenrows.com', port=443): Max retries exceeded with url: /v1/?apikey=61bd6f207a756348cae6ff7be792c658dff1d6f5&url=https%3A%2F%2Fwww.vitacost.com%2Fdoctors-best-high-absorption-100-chelated-magnesium (Caused by ResponseError('too many 422 error responses'))
2024-04-05 09:47:55,977 - Error processing https://www.vitacost.com/hylands-menopause-multi-youthful-skin: 'NoneType' object has no attribute 'get_text'
2024-04-05 09:48:10,644 - Error processing https://www.vitacost.com/new-chapter-perfect-postnatal-multivitamin-96-tablets: 'NoneType' object has no attribute 'get_text'
2024-04-05 09:48:10,883 - Error processing https://www.vitacost.com/life-extension-prenatal-advantage: 'NoneType' object has no attribute 'get_text'
2024-04-05 09:48:11,735 - Error processing https://www.vitacost.com/life-extension-natural-estrogen-30-vegetarian-tablets: 'NoneType' object has no attribute 'get_text'
2024-04-05 09:48:13,058 - Error processing https://www.vitacost.com/new-chapter-perfect-postnatal-multivitamin: 'NoneType' object has no attribute 'get_text'
2024-04-05 09:48:20,610 - Error processing https://www.vitacost.com/vitacost-slippery-elm-bark: 'NoneType' object has no attribute 'get_text'
2024-04-05 09:48:24,049 - Error processing https://www.vitacost.com/life-extension-optimized-broccoli-and-cruciferous-blend: 'NoneType' object has no attribute 'get_text'
2024-04-05 09:48:52,124 - Error processing https://www.vitacost.com/life-extension-optimized-carnitine: HTTPSConnectionPool(host='api.zenrows.com', port=443): Max retries exceeded with url: /v1/?apikey=61bd6f207a756348cae6ff7be792c658dff1d6f5&url=https%3A%2F%2Fwww.vitacost.com%2Flife-extension-optimized-carnitine (Caused by ResponseError('too many 422 error responses'))
2024-04-05 09:49:22,768 - Error processing https://www.vitacost.com/lesserevil-paleo-puffs-fiery-hot: 'NoneType' object has no attribute 'get_text'
2024-04-05 09:49:26,642 - Error processing https://www.vitacost.com/neocell-collagen-c-pomegranate-liquid: 'NoneType' object has no attribute 'get_text'
2024-04-05 09:49:38,726 - Error processing https://www.vitacost.com/keto-wise-fat-bombs-peanut-caramel-nougat: 'NoneType' object has no attribute 'get_text'
2024-04-05 09:49:43,624 - Error processing https://www.vitacost.com/keto-wise-fat-bomb: 'NoneType' object has no attribute 'get_text'
2024-04-05 09:49:50,493 - Error processing https://www.vitacost.com/olly-lovin-libido: 'NoneType' object has no attribute 'get_text'
2024-04-05 09:49:55,563 - Error processing https://www.vitacost.com/natures-way-cold-flu-relief-umcka-orange-flavored: 'NoneType' object has no attribute 'get_text'
2024-04-05 09:50:03,758 - Error processing https://www.vitacost.com/the-honey-pot-daily-sensitive-intimate-foaming-wash: 'NoneType' object has no attribute 'get_text'
2024-04-05 09:50:19,507 - Error processing https://www.vitacost.com/vitacost-mens-50-plus-multivitamin: HTTPSConnectionPool(host='api.zenrows.com', port=443): Max retries exceeded with url: /v1/?apikey=61bd6f207a756348cae6ff7be792c658dff1d6f5&url=https%3A%2F%2Fwww.vitacost.com%2Fvitacost-mens-50-plus-multivitamin (Caused by ResponseError('too many 422 error responses'))
2024-04-05 09:50:19,850 - Error processing https://www.vitacost.com/sundown-naturals-melatonin-gummies: HTTPSConnectionPool(host='api.zenrows.com', port=443): Max retries exceeded with url: /v1/?apikey=61bd6f207a756348cae6ff7be792c658dff1d6f5&url=https%3A%2F%2Fwww.vitacost.com%2Fsundown-naturals-melatonin-gummies (Caused by ResponseError('too many 422 error responses'))
2024-04-05 09:50:23,762 - Error processing https://www.vitacost.com/nature-made-prenatal: 'NoneType' object has no attribute 'get_text'
2024-04-05 09:50:28,118 - Error processing https://www.vitacost.com/source-naturals-progesterone-cream-4-oz-6: 'NoneType' object has no attribute 'get_text'
2024-04-05 09:50:47,158 - Error processing https://www.vitacost.com/earth-mama-organic-skin-scar-balm: 'NoneType' object has no attribute 'get_text'
2024-04-05 09:50:54,854 - Error processing https://www.vitacost.com/earth-mama-organic-ginger-nausea-tea: 'NoneType' object has no attribute 'get_text'
2024-04-05 09:50:59,815 - Error processing https://www.vitacost.com/earth-mama-organic-milkmaid-tea: 'NoneType' object has no attribute 'get_text'
2024-04-05 09:51:06,321 - Error processing https://www.vitacost.com/rainbow-light-prenatal-one-multivitamin: 'NoneType' object has no attribute 'get_text'
2024-04-05 09:51:10,141 - Error processing https://www.vitacost.com/rainbow-light-prenatal-one-multivitamin-45-tablets: 'NoneType' object has no attribute 'get_text'
2024-04-05 09:51:24,041 - Error processing https://www.vitacost.com/rainbow-light-prenatal-one-multivitamin-150-tablets: 'NoneType' object has no attribute 'get_text'
2024-04-05 09:51:25,047 - Error processing https://www.vitacost.com/country-life-aller-max-100-vegetarian-capsules-1: 'NoneType' object has no attribute 'get_text'
2024-04-05 09:51:28,937 - Error processing https://www.vitacost.com/nature-made-prenatal-multivitamin-plus-dha: 'NoneType' object has no attribute 'get_text'
2024-04-05 09:51:31,356 - Error processing https://www.vitacost.com/natures-way-premium-blend-estrosoy-menopause-relief-blend: 'NoneType' object has no attribute 'get_text'
2024-04-05 09:51:33,625 - Error processing https://www.vitacost.com/zahler-prenatal-dha-300-optimal-formula-180-softgels: 'NoneType' object has no attribute 'get_text'
2024-04-05 09:51:34,764 - Error processing https://www.vitacost.com/rainbow-light-35-mom-and-baby-pre-postnatal-care: 'NoneType' object has no attribute 'get_text'
2024-04-05 09:51:44,475 - Error processing https://www.vitacost.com/rainbow-light-postnatal-multivitamin: 'NoneType' object has no attribute 'get_text'
2024-04-05 09:51:46,421 - Error processing https://www.vitacost.com/nature-made-vitamin-d3-adult-gummies: HTTPSConnectionPool(host='api.zenrows.com', port=443): Max retries exceeded with url: /v1/?apikey=61bd6f207a756348cae6ff7be792c658dff1d6f5&url=https%3A%2F%2Fwww.vitacost.com%2Fnature-made-vitamin-d3-adult-gummies (Caused by ResponseError('too many 422 error responses'))
