2024-04-03 18:37:23,318 - Error processing https://www.vitacost.com/natures-way-completia-multivitamin-for-people-with-diabetes-no-iron-added-60-tablets: 'NoneType' object has no attribute 'get_text'
2024-04-03 18:37:34,827 - Error processing https://www.vitacost.com/natures-way-umcka-cold-flu-fastactives-relieve-symptoms-berry: 'NoneType' object has no attribute 'get_text'
2024-04-03 18:37:39,610 - Error processing https://www.vitacost.com/source-naturals-wellness-herbal-throat-spray-1-fl-oz: 'NoneType' object has no attribute 'get_text'
2024-04-03 18:37:40,584 - Error processing https://www.vitacost.com/solgar-earth-source-organic-flaxseed-oil: HTTPSConnectionPool(host='api.zenrows.com', port=443): Max retries exceeded with url: /v1/?apikey=61bd6f207a756348cae6ff7be792c658dff1d6f5&url=https%3A%2F%2Fwww.vitacost.com%2Fsolgar-earth-source-organic-flaxseed-oil (Caused by ResponseError('too many 422 error responses'))
2024-04-03 18:37:44,015 - Error processing https://www.vitacost.com/nature-made-prenatal-dha: 'NoneType' object has no attribute 'get_text'
2024-04-03 18:37:48,525 - Error processing https://www.vitacost.com/nature-made-postnatal-multi-dha-200-mg-60-softgels: 'NoneType' object has no attribute 'get_text'
2024-04-03 18:37:50,515 - Error processing https://www.vitacost.com/natures-way-umcka-cold-flu-elderberry-syrup-shortens-colds-reduces-severity: 'NoneType' object has no attribute 'get_text'
2024-04-03 18:38:05,026 - Error processing https://www.vitacost.com/eden-foods-organic-popcorn-kernels: HTTPSConnectionPool(host='api.zenrows.com', port=443): Max retries exceeded with url: /v1/?apikey=61bd6f207a756348cae6ff7be792c658dff1d6f5&url=https%3A%2F%2Fwww.vitacost.com%2Feden-foods-organic-popcorn-kernels (Caused by ResponseError('too many 422 error responses'))
2024-04-03 18:38:12,166 - Error processing https://www.vitacost.com/natures-way-slippery-elm-bark-1600-mg-per-serving: 'NoneType' object has no attribute 'get_text'
2024-04-03 18:38:18,242 - Error processing https://www.vitacost.com/source-naturals-wellguard: 'NoneType' object has no attribute 'get_text'
2024-04-03 18:38:22,549 - Error processing https://www.vitacost.com/country-life-menopause-rescue: 'NoneType' object has no attribute 'get_text'
2024-04-03 18:38:41,149 - Error processing https://www.vitacost.com/vitafusion-prenatal-gummy-vitamins: 'NoneType' object has no attribute 'get_text'
2024-04-03 18:39:10,118 - Error processing https://www.vitacost.com/nature-made-diabetes-support-pack-30-days: 'NoneType' object has no attribute 'get_text'
2024-04-03 18:39:11,596 - Error processing https://www.vitacost.com/source-naturals-hot-flash-90-tablets: 'NoneType' object has no attribute 'get_text'
2024-04-03 18:39:13,400 - Error processing https://www.vitacost.com/solgar-l-arginine-500-mg-100-vegetable-capsules-2: HTTPSConnectionPool(host='api.zenrows.com', port=443): Max retries exceeded with url: /v1/?apikey=61bd6f207a756348cae6ff7be792c658dff1d6f5&url=https%3A%2F%2Fwww.vitacost.com%2Fsolgar-l-arginine-500-mg-100-vegetable-capsules-2 (Caused by ResponseError('too many 422 error responses'))
2024-04-03 18:39:21,004 - Error processing https://www.vitacost.com/source-naturals-phyto-estrogen-cream-4-oz-1: 'NoneType' object has no attribute 'get_text'
2024-04-03 18:39:26,183 - Error processing https://www.vitacost.com/solgar-tonalin-cla: HTTPSConnectionPool(host='api.zenrows.com', port=443): Max retries exceeded with url: /v1/?apikey=61bd6f207a756348cae6ff7be792c658dff1d6f5&url=https%3A%2F%2Fwww.vitacost.com%2Fsolgar-tonalin-cla (Caused by ResponseError('too many 422 error responses'))
2024-04-03 18:39:44,184 - Error processing https://www.vitacost.com/nature-made-multi-prenatal-90-tablets: 'NoneType' object has no attribute 'get_text'
2024-04-03 18:39:45,485 - Error processing https://www.vitacost.com/rainbow-light-prenatal-dha-smart-essentials: 'NoneType' object has no attribute 'get_text'
2024-04-03 18:40:00,369 - Error processing https://www.vitacost.com/nature-made-magnesium-oxide: HTTPSConnectionPool(host='api.zenrows.com', port=443): Max retries exceeded with url: /v1/?apikey=61bd6f207a756348cae6ff7be792c658dff1d6f5&url=https%3A%2F%2Fwww.vitacost.com%2Fnature-made-magnesium-oxide (Caused by ResponseError('too many 422 error responses'))
2024-04-03 18:40:12,965 - Error processing https://www.vitacost.com/natures-way-dim-plus-estrogen-metabolism-60-vegetarian-capsules: 'NoneType' object has no attribute 'get_text'
2024-04-03 18:40:18,042 - Error processing https://www.vitacost.com/natures-way-dim-plus-estrogen-metabolism: 'NoneType' object has no attribute 'get_text'
2024-04-03 18:40:29,043 - Error processing https://www.vitacost.com/garden-of-life-mykind-organics-prenatal-once-daily-30-vegan-tablets-2: 'NoneType' object has no attribute 'get_text'
2024-04-03 18:40:56,074 - Error processing https://www.vitacost.com/solaray-phytoestrogen: 'NoneType' object has no attribute 'get_text'
2024-04-03 18:40:57,694 - Error processing https://www.vitacost.com/garden-of-life-mykind-organics-prenatal-multi-whole-food-gummies: 'NoneType' object has no attribute 'get_text'
2024-04-03 18:41:00,828 - Error processing https://www.vitacost.com/solaray-slippery-elm: 'NoneType' object has no attribute 'get_text'
2024-04-03 18:41:56,239 - Error processing https://www.vitacost.com/garden-of-life-mykind-organics-cough-mucus-immune-syrup: 'NoneType' object has no attribute 'get_text'
2024-04-03 18:42:50,602 - Error processing https://www.vitacost.com/garden-of-life-minami-supercritical-prenatal-omega-3-fish-oil: 'NoneType' object has no attribute 'get_text'
2024-04-03 18:43:01,345 - Error processing https://www.vitacost.com/new-chapter-advanced-perfect-prenatal-multivitamin-192-vegetarian-tablets: 'NoneType' object has no attribute 'get_text'
2024-04-03 18:43:06,793 - Error processing https://www.vitacost.com/life-extension-natural-estrogen-30-vegetarian-tablets: 'NoneType' object has no attribute 'get_text'
2024-04-03 18:43:08,839 - Error processing https://www.vitacost.com/life-extension-optimized-broccoli-and-cruciferous-blend: 'NoneType' object has no attribute 'get_text'
2024-04-03 18:43:34,658 - Error processing https://www.vitacost.com/jarrow-formulas-zinc-balance: HTTPSConnectionPool(host='api.zenrows.com', port=443): Max retries exceeded with url: /v1/?apikey=61bd6f207a756348cae6ff7be792c658dff1d6f5&url=https%3A%2F%2Fwww.vitacost.com%2Fjarrow-formulas-zinc-balance (Caused by ResponseError('too many 422 error responses'))
2024-04-03 18:43:38,071 - Error processing https://www.vitacost.com/new-chapter-perfect-postnatal-multivitamin-96-tablets: 'NoneType' object has no attribute 'get_text'
2024-04-03 18:43:40,367 - Error processing https://www.vitacost.com/protocol-for-life-balance-vitamin-d3: HTTPSConnectionPool(host='api.zenrows.com', port=443): Max retries exceeded with url: /v1/?apikey=61bd6f207a756348cae6ff7be792c658dff1d6f5&url=https%3A%2F%2Fwww.vitacost.com%2Fprotocol-for-life-balance-vitamin-d3 (Caused by ResponseError('too many 422 error responses'))
2024-04-03 18:43:45,550 - Error processing https://www.vitacost.com/new-chapter-perfect-postnatal-multivitamin: 'NoneType' object has no attribute 'get_text'
2024-04-03 18:44:04,251 - Error processing https://www.vitacost.com/life-extension-gamma-e-mixed-tocopherols-tocotrienols: HTTPSConnectionPool(host='api.zenrows.com', port=443): Max retries exceeded with url: /v1/?apikey=61bd6f207a756348cae6ff7be792c658dff1d6f5&url=https%3A%2F%2Fwww.vitacost.com%2Flife-extension-gamma-e-mixed-tocopherols-tocotrienols (Caused by ResponseError('too many 422 error responses'))
2024-04-03 18:44:04,623 - Error processing https://www.vitacost.com/new-chapter-prenatal-vegan-omega-3-complex: 'NoneType' object has no attribute 'get_text'
2024-04-03 18:44:13,320 - Error processing https://www.vitacost.com/life-extension-5-lox-inhibitor-with-apresflex-100-mg-60-vegetarian-capsules-1: HTTPSConnectionPool(host='api.zenrows.com', port=443): Max retries exceeded with url: /v1/?apikey=61bd6f207a756348cae6ff7be792c658dff1d6f5&url=https%3A%2F%2Fwww.vitacost.com%2Flife-extension-5-lox-inhibitor-with-apresflex-100-mg-60-vegetarian-capsules-1 (Caused by ResponseError('too many 422 error responses'))
2024-04-03 18:44:13,858 - Error processing https://www.vitacost.com/babyganics-foaming-dish-and-bottle-soap-fragrance-free: HTTPSConnectionPool(host='api.zenrows.com', port=443): Max retries exceeded with url: /v1/?apikey=61bd6f207a756348cae6ff7be792c658dff1d6f5&url=https%3A%2F%2Fwww.vitacost.com%2Fbabyganics-foaming-dish-and-bottle-soap-fragrance-free (Caused by ResponseError('too many 422 error responses'))
2024-04-03 18:44:25,337 - Error processing https://www.vitacost.com/vitacost-coq10-100-mg-60-capsules: HTTPSConnectionPool(host='api.zenrows.com', port=443): Max retries exceeded with url: /v1/?apikey=61bd6f207a756348cae6ff7be792c658dff1d6f5&url=https%3A%2F%2Fwww.vitacost.com%2Fvitacost-coq10-100-mg-60-capsules (Caused by ResponseError('too many 422 error responses'))
2024-04-03 18:44:46,100 - Error processing https://www.vitacost.com/optimum-nutrition-gold-standard-100-whey-protein-powder-for-muscle-support-and-recovery-white-chocolate: HTTPSConnectionPool(host='api.zenrows.com', port=443): Max retries exceeded with url: /v1/?apikey=61bd6f207a756348cae6ff7be792c658dff1d6f5&url=https%3A%2F%2Fwww.vitacost.com%2Foptimum-nutrition-gold-standard-100-whey-protein-powder-for-muscle-support-and-recovery-white-chocolate (Caused by ResponseError('too many 422 error responses'))
2024-04-03 18:44:55,358 - Error processing https://www.vitacost.com/vitacost-slippery-elm-bark: 'NoneType' object has no attribute 'get_text'
2024-04-03 18:45:23,067 - Error processing https://www.vitacost.com/life-extension-prenatal-advantage: 'NoneType' object has no attribute 'get_text'
2024-04-03 18:45:25,909 - Error processing https://www.vitacost.com/vitacost-ginseng-extract-complex: HTTPSConnectionPool(host='api.zenrows.com', port=443): Max retries exceeded with url: /v1/?apikey=61bd6f207a756348cae6ff7be792c658dff1d6f5&url=https%3A%2F%2Fwww.vitacost.com%2Fvitacost-ginseng-extract-complex (Caused by ResponseError('too many 422 error responses'))
2024-04-03 18:45:37,096 - Error processing https://www.vitacost.com/method-men-bar-soap-cedar-and-cypress: HTTPSConnectionPool(host='api.zenrows.com', port=443): Max retries exceeded with url: /v1/?apikey=61bd6f207a756348cae6ff7be792c658dff1d6f5&url=https%3A%2F%2Fwww.vitacost.com%2Fmethod-men-bar-soap-cedar-and-cypress (Caused by ResponseError('too many 422 error responses'))
2024-04-03 18:45:38,971 - Error processing https://www.vitacost.com/hylands-menopause-multi-youthful-skin: 'NoneType' object has no attribute 'get_text'
2024-04-03 18:45:48,582 - Error processing https://www.vitacost.com/nordic-naturals-prenatal-dha-strawberry: HTTPSConnectionPool(host='api.zenrows.com', port=443): Max retries exceeded with url: /v1/?apikey=61bd6f207a756348cae6ff7be792c658dff1d6f5&url=https%3A%2F%2Fwww.vitacost.com%2Fnordic-naturals-prenatal-dha-strawberry (Caused by ResponseError('too many 422 error responses'))
2024-04-03 18:45:55,771 - Error processing https://www.vitacost.com/vitacost-echinacea: HTTPSConnectionPool(host='api.zenrows.com', port=443): Max retries exceeded with url: /v1/?apikey=61bd6f207a756348cae6ff7be792c658dff1d6f5&url=https%3A%2F%2Fwww.vitacost.com%2Fvitacost-echinacea (Caused by ResponseError('too many 422 error responses'))
2024-04-03 18:45:56,827 - Error processing https://www.vitacost.com/mount-hagen-organic-fair-trade-instant-coffee-decaffeinated-3-53-oz: HTTPSConnectionPool(host='api.zenrows.com', port=443): Max retries exceeded with url: /v1/?apikey=61bd6f207a756348cae6ff7be792c658dff1d6f5&url=https%3A%2F%2Fwww.vitacost.com%2Fmount-hagen-organic-fair-trade-instant-coffee-decaffeinated-3-53-oz (Caused by ResponseError('too many 422 error responses'))
2024-04-03 18:46:04,049 - Error processing https://www.vitacost.com/rainbow-light-35-mom-and-baby-pre-postnatal-care: 'NoneType' object has no attribute 'get_text'
2024-04-03 18:46:10,494 - Error processing https://www.vitacost.com/zahler-prenatal-dha-300-optimal-formula-180-softgels: 'NoneType' object has no attribute 'get_text'
2024-04-03 18:46:18,639 - Error processing https://www.vitacost.com/rainbow-light-postnatal-multivitamin: 'NoneType' object has no attribute 'get_text'
2024-04-03 18:46:33,682 - Error processing https://www.vitacost.com/country-life-aller-max-100-vegetarian-capsules-1: 'NoneType' object has no attribute 'get_text'
2024-04-03 18:46:41,483 - Error processing https://www.vitacost.com/olly-lovin-libido: 'NoneType' object has no attribute 'get_text'
2024-04-03 18:46:42,778 - Error processing https://www.vitacost.com/nature-made-melatonin-adult-gummies-strawberry-130-gummies: HTTPSConnectionPool(host='api.zenrows.com', port=443): Max retries exceeded with url: /v1/?apikey=61bd6f207a756348cae6ff7be792c658dff1d6f5&url=https%3A%2F%2Fwww.vitacost.com%2Fnature-made-melatonin-adult-gummies-strawberry-130-gummies (Caused by ResponseError('too many 422 error responses'))
2024-04-03 18:46:52,191 - Error processing https://www.vitacost.com/country-archer-gluten-free-grass-fed-beef-jerky-mango-habanero: HTTPSConnectionPool(host='api.zenrows.com', port=443): Max retries exceeded with url: /v1/?apikey=61bd6f207a756348cae6ff7be792c658dff1d6f5&url=https%3A%2F%2Fwww.vitacost.com%2Fcountry-archer-gluten-free-grass-fed-beef-jerky-mango-habanero (Caused by ResponseError('too many 422 error responses'))
2024-04-03 18:46:53,828 - Error processing https://www.vitacost.com/neocell-collagen-c-pomegranate-liquid: 'NoneType' object has no attribute 'get_text'
2024-04-03 18:47:12,699 - Error processing https://www.vitacost.com/keto-wise-fat-bombs-peanut-caramel-nougat: 'NoneType' object has no attribute 'get_text'
2024-04-03 18:47:16,248 - Error processing https://www.vitacost.com/vitacost-vitamin-d3-as-cholecalciferol-250-mcg-10000-iu-365-capsules: HTTPSConnectionPool(host='api.zenrows.com', port=443): Max retries exceeded with url: /v1/?apikey=61bd6f207a756348cae6ff7be792c658dff1d6f5&url=https%3A%2F%2Fwww.vitacost.com%2Fvitacost-vitamin-d3-as-cholecalciferol-250-mcg-10000-iu-365-capsules (Caused by ResponseError('too many 422 error responses'))
2024-04-03 18:47:16,687 - Error processing https://www.vitacost.com/the-honey-pot-daily-sensitive-intimate-foaming-wash: 'NoneType' object has no attribute 'get_text'
2024-04-03 18:47:17,249 - Error processing https://www.vitacost.com/keto-wise-fat-bomb: 'NoneType' object has no attribute 'get_text'
2024-04-03 18:47:19,576 - Error processing https://www.vitacost.com/natures-way-premium-blend-estrosoy-menopause-relief-blend: 'NoneType' object has no attribute 'get_text'
2024-04-03 18:47:36,036 - Error processing https://www.vitacost.com/nature-made-prenatal: 'NoneType' object has no attribute 'get_text'
2024-04-03 18:47:40,752 - Error processing https://www.vitacost.com/natures-way-cold-flu-relief-umcka-orange-flavored: 'NoneType' object has no attribute 'get_text'
2024-04-03 18:47:51,425 - Error processing https://www.vitacost.com/earth-mama-organic-skin-scar-balm: 'NoneType' object has no attribute 'get_text'
2024-04-03 18:48:07,076 - Error processing https://www.vitacost.com/earth-mama-organic-ginger-nausea-tea: 'NoneType' object has no attribute 'get_text'
2024-04-03 18:48:12,231 - Error processing https://www.vitacost.com/earth-mama-organic-milkmaid-tea: 'NoneType' object has no attribute 'get_text'
2024-04-03 18:48:12,728 - Error processing https://www.vitacost.com/source-naturals-progesterone-cream-4-oz-6: 'NoneType' object has no attribute 'get_text'
2024-04-03 18:48:18,969 - Error processing https://www.vitacost.com/nature-made-prenatal-multivitamin-plus-dha: 'NoneType' object has no attribute 'get_text'
2024-04-03 18:48:40,521 - Error processing https://www.vitacost.com/rainbow-light-prenatal-one-multivitamin: 'NoneType' object has no attribute 'get_text'
2024-04-03 18:48:42,492 - Error processing https://www.vitacost.com/rainbow-light-prenatal-one-multivitamin-45-tablets: 'NoneType' object has no attribute 'get_text'
2024-04-03 18:48:45,132 - Error processing https://www.vitacost.com/rainbow-light-prenatal-one-multivitamin-150-tablets: 'NoneType' object has no attribute 'get_text'
2024-04-03 18:49:10,641 - Error processing https://www.vitacost.com/natures-way-vitamin-a-healthy-eye-function: HTTPSConnectionPool(host='api.zenrows.com', port=443): Max retries exceeded with url: /v1/?apikey=61bd6f207a756348cae6ff7be792c658dff1d6f5&url=https%3A%2F%2Fwww.vitacost.com%2Fnatures-way-vitamin-a-healthy-eye-function (Caused by ResponseError('too many 422 error responses'))
